Sun Oct  6 15:10:59 UTC 2024
No mapping for: sample
No mapping for: pack
No mapping for: idx
Folder created: Plain_Text
Folder created: Shell_Script
Folder created: LaTeX_Document
Folder created: Microsoft_Word_Document
Folder created: Audio_Video_Interleave
Folder created: XML
Folder created: Active_Server_Pages_Extended
Folder created: TypeScript_JSX
Folder created: Apple_Numbers_Spreadsheet
Folder created: GIF_Image
Folder created: Java
Folder created: TOML_Configuration
Folder created: Configuration_File
Folder created: Open_Virtual_Appliance
Folder created: Open_Virtualization_Format
Folder created: Mobipocket_eBook
Folder created: Bitmap_Image
Folder created: Log_File
Folder created: VBScript_File
Folder created: LaTeX_Class_File
Folder created: Portable_Document_Format
Folder created: JSON
Folder created: Amazon_Kindle_eBook
Folder created: LESS_CSS_Preprocessor
Folder created: QuickTime_Video
Folder created: Windows_Media_Audio
Folder created: RAR_Archive
Folder created: Adobe_Illustrator_File
Folder created: Windows_Media_Video
Folder created: Apple_Disk_Image
Folder created: QEMU_Virtual_Disk
Folder created: Free_Lossless_Audio_Codec
Folder created: XZ_Archive
Folder created: Temporary_File
Folder created: Shared_Object
Folder created: Object_File
Folder created: C++
Folder created: Static_Archive
Folder created: Microsoft_PowerPoint_Open_XML_Presentation
Folder created: 7-Zip_Archive
Folder created: Microsoft_Excel_Spreadsheet
Folder created: Java_Server_Pages
Folder created: JavaScript_JSX
Folder created: Comma_Separated_Values
Folder created: CSS
Folder created: Microsoft_PowerPoint_Presentation
Folder created: Python
Folder created: Perl_Script
Folder created: Kotlin_Source_File
Folder created: YAML
No mapping for: no_extension
Sun Oct  6 15:10:59 UTC 2024
file_LaTeX_Document_1.tex has been moved to LaTeX_Document folder
file_Microsoft_Word_Document_1.doc has been moved to Microsoft_Word_Document folder
file_Audio_Video_Interleave_1.avi has been moved to Audio_Video_Interleave folder
file_XML_1.xml has been moved to XML folder
file_Active_Server_Pages_Extended_1.aspx has been moved to Active_Server_Pages_Extended folder
file_TypeScript_JSX_1.tsx has been moved to TypeScript_JSX folder
file_Apple_Numbers_Spreadsheet_1.numbers has been moved to Apple_Numbers_Spreadsheet folder
file_GIF_Image_1.gif has been moved to GIF_Image folder
file_Java_1.java has been moved to Java folder
file_TOML_Configuration_1.toml has been moved to TOML_Configuration folder
file_Configuration_File_1.conf has been moved to Configuration_File folder
file_Open_Virtual_Appliance_1.ova has been moved to Open_Virtual_Appliance folder
file_Open_Virtualization_Format_1.ovf has been moved to Open_Virtualization_Format folder
file_Mobipocket_eBook_1.mobi has been moved to Mobipocket_eBook folder
file_Bitmap_Image_1.bmp has been moved to Bitmap_Image folder
file_Microsoft_Word_Open_XML_Document_1.docx has been moved to Microsoft_Word_Open_XML_Document folder
file_Log_File_1.log has been moved to Log_File folder
file_VBScript_File_1.vbs has been moved to VBScript_File folder
file_LaTeX_Class_File_1.cls has been moved to LaTeX_Class_File folder
file_Portable_Document_Format_1.pdf has been moved to Portable_Document_Format folder
file_JSON_1.json has been moved to JSON folder
file_Amazon_Kindle_eBook_1.azw has been moved to Amazon_Kindle_eBook folder
file_LESS_CSS_Preprocessor_1.less has been moved to LESS_CSS_Preprocessor folder
file_QuickTime_Video_1.mov has been moved to QuickTime_Video folder
file_Windows_Media_Audio_1.wma has been moved to Windows_Media_Audio folder
file_RAR_Archive_1.rar has been moved to RAR_Archive folder
file_Adobe_Illustrator_File_1.ai has been moved to Adobe_Illustrator_File folder
file_Windows_Media_Video_1.wmv has been moved to Windows_Media_Video folder
file_Apple_Disk_Image_1.dmg has been moved to Apple_Disk_Image folder
file_QEMU_Virtual_Disk_1.qcow2 has been moved to QEMU_Virtual_Disk folder
file_Free_Lossless_Audio_Codec_1.flac has been moved to Free_Lossless_Audio_Codec folder
file_XZ_Archive_1.xz has been moved to XZ_Archive folder
file_Temporary_File_1.tmp has been moved to Temporary_File folder
file_Shared_Object_1.so has been moved to Shared_Object folder
file_Shell_Script_1.sh has been moved to Shell_Script folder
file_gen.sh has been moved to Shell_Script folder
QuickTime_Video has been moved to Object_File folder
Windows_Media_Audio has been moved to Object_File folder
Windows_Media_Video has been moved to Object_File folder
file_Object_File_1.o has been moved to Object_File folder
file_C++_1.cpp has been moved to C++ folder
Java has been moved to Static_Archive folder
file_Static_Archive_1.a has been moved to Static_Archive folder
file_Microsoft_PowerPoint_Open_XML_Presentation_1.pptx has been moved to Microsoft_PowerPoint_Open_XML_Presentation folder
file_7-Zip_Archive_1.7z has been moved to 7-Zip_Archive folder
file_Microsoft_Excel_Spreadsheet_1.xls has been moved to Microsoft_Excel_Spreadsheet folder
file_Java_Server_Pages_1.jsp has been moved to Java_Server_Pages folder
file_JavaScript_JSX_1.jsx has been moved to JavaScript_JSX folder
file_Comma_Separated_Values_1.csv has been moved to Comma_Separated_Values folder
file_CSS_1.css has been moved to CSS folder
file_Microsoft_PowerPoint_Presentation_1.ppt has been moved to Microsoft_PowerPoint_Presentation folder
file_Python_1.py has been moved to Python folder
file_Perl_Script_1.pl has been moved to Perl_Script folder
file_Kotlin_Source_File_1.kt has been moved to Kotlin_Source_File folder
file_YAML_1.yml has been moved to YAML folder
[ERROR] mv: cannot move 'file_Microsoft_Word_Open_XML_Document_1.docx' to 'Microsoft_Word_Open_XML_Document/': Not a directory
Sun Oct  6 15:32:07 UTC 2024
No mapping for: sample
No mapping for: pack
No mapping for: idx
Folder created: Shell_Script
Folder created: Log_File
Folder created: Plain_Text
No mapping for: no_extension
